<?xml version="1.0" encoding="UTF-8"?>
<testng-results ignored="0" total="1" passed="1" failed="0" skipped="0">
  <reporter-output>
  </reporter-output>
  <suite started-at="2025-06-03T17:33:09 IST" name="Suite" finished-at="2025-06-03T17:33:47 IST" duration-ms="38158">
    <groups>
    </groups>
    <test started-at="2025-06-03T17:33:09 IST" name="Test" finished-at="2025-06-03T17:33:47 IST" duration-ms="38158">
      <class name="testcases.AmazonAddTest">
        <test-method is-config="true" signature="setUp()[pri:0, instance:testcases.AmazonAddTest@3e2e18f2]" started-at="2025-06-03T17:33:09 IST" name="setUp" finished-at="2025-06-03T17:33:24 IST" duration-ms="15322" status="PASS">
          <reporter-output>
          </reporter-output>
        </test-method> <!-- setUp -->
        <test-method signature="testAddBookToCart()[pri:0, instance:testcases.AmazonAddTest@3e2e18f2]" started-at="2025-06-03T17:33:24 IST" name="testAddBookToCart" finished-at="2025-06-03T17:33:45 IST" duration-ms="20899" status="PASS">
          <reporter-output>
          </reporter-output>
        </test-method> <!-- testAddBookToCart -->
        <test-method is-config="true" signature="tearDown(org.testng.ITestResult)[pri:0, instance:testcases.AmazonAddTest@3e2e18f2]" started-at="2025-06-03T17:33:45 IST" name="tearDown" finished-at="2025-06-03T17:33:47 IST" duration-ms="1858" status="PASS">
          <params>
            <param index="0">
              <value>
                <![CDATA[[TestResult name=testAddBookToCart status=SUCCESS method=AmazonAddTest.testAddBookToCart()[pri:0, instance:testcases.AmazonAddTest@3e2e18f2] output={null}]]]>
              </value>
            </param>
          </params>
          <reporter-output>
          </reporter-output>
        </test-method> <!-- tearDown -->
      </class> <!-- testcases.AmazonAddTest -->
    </test> <!-- Test -->
  </suite> <!-- Suite -->
</testng-results>
